<?xml version="1.0" encoding="UTF-8"?>
<!-- Generated by org.testng.reporters.JUnitXMLReporter -->
<testsuite hostname="Ranjeeth-TV" ignored="0" name="Default test" tests="3" failures="0" timestamp="2019-09-29T15:59:18 NZDT" time="18.381" errors="0">
  <testcase name="verifyHomepageTitle" time="0.027" classname="Planit_Tests.contact_test"/>
  <testcase name="contact_page" time="3.387" classname="Planit_Tests.contact_test"/>
  <testcase name="createNewAccount" time="1.949" classname="Planit_Tests.contact_test"/>
</testsuite> <!-- Default test -->
