<?xml version="1.0" encoding="UTF-8"?>
<!-- Generated by org.testng.reporters.JUnitXMLReporter -->
<testsuite hostname="Ranjeeth-TV" ignored="0" name="Test" tests="4" failures="0" timestamp="2019-09-28T17:48:13 NZST" time="34.308" errors="0">
  <testcase name="verifyHomepageTitle" time="0.019" classname="Planit.Planit_Tests"/>
  <testcase name="contact_page" time="9.067" classname="Planit.Planit_Tests"/>
  <testcase name="createNewAccount" time="3.551" classname="Planit.Planit_Tests"/>
  <testcase name="Test" time="0.002" classname="Planit.testcases"/>
</testsuite> <!-- Test -->
